<?xml version="1.0" encoding="UTF-8"?>
<testng-results ignored="0" total="3" passed="3" failed="0" skipped="0">
  <reporter-output>
  </reporter-output>
  <suite started-at="2020-04-13T19:54:53 IST" name="Default suite" finished-at="2020-04-13T19:54:53 IST" duration-ms="52">
    <groups>
    </groups>
    <test started-at="2020-04-13T19:54:53 IST" name="Default test" finished-at="2020-04-13T19:54:53 IST" duration-ms="52">
      <class name="com.examples.LoginTest">
        <test-method signature="testDifferent(java.lang.String, int, char, int)[pri:0, instance:com.examples.LoginTest@3ee0fea4]" started-at="2020-04-13T19:54:53 IST" name="testDifferent" data-provider="getData" finished-at="2020-04-13T19:54:53 IST" duration-ms="8" status="PASS">
          <params>
            <param index="0">
              <value>
                <![CDATA[Alhaam]]>
              </value>
            </param>
            <param index="1">
              <value>
                <![CDATA[5]]>
              </value>
            </param>
            <param index="2">
              <value>
                <![CDATA[F]]>
              </value>
            </param>
            <param index="3">
              <value>
                <![CDATA[345069]]>
              </value>
            </param>
          </params>
          <reporter-output>
          </reporter-output>
        </test-method> <!-- testDifferent -->
        <test-method signature="testDifferent(java.lang.String, int, char, int)[pri:0, instance:com.examples.LoginTest@3ee0fea4]" started-at="2020-04-13T19:54:53 IST" name="testDifferent" data-provider="getData" finished-at="2020-04-13T19:54:53 IST" duration-ms="0" status="PASS">
          <params>
            <param index="0">
              <value>
                <![CDATA[Aqdas]]>
              </value>
            </param>
            <param index="1">
              <value>
                <![CDATA[1]]>
              </value>
            </param>
            <param index="2">
              <value>
                <![CDATA[F]]>
              </value>
            </param>
            <param index="3">
              <value>
                <![CDATA[3069]]>
              </value>
            </param>
          </params>
          <reporter-output>
          </reporter-output>
        </test-method> <!-- testDifferent -->
        <test-method signature="testDifferent(java.lang.String, int, char, int)[pri:0, instance:com.examples.LoginTest@3ee0fea4]" started-at="2020-04-13T19:54:53 IST" name="testDifferent" data-provider="getData" finished-at="2020-04-13T19:54:53 IST" duration-ms="0" status="PASS">
          <params>
            <param index="0">
              <value>
                <![CDATA[Rounk]]>
              </value>
            </param>
            <param index="1">
              <value>
                <![CDATA[2]]>
              </value>
            </param>
            <param index="2">
              <value>
                <![CDATA[M]]>
              </value>
            </param>
            <param index="3">
              <value>
                <![CDATA[35069]]>
              </value>
            </param>
          </params>
          <reporter-output>
          </reporter-output>
        </test-method> <!-- testDifferent -->
      </class> <!-- com.examples.LoginTest -->
    </test> <!-- Default test -->
  </suite> <!-- Default suite -->
</testng-results>
