<?xml version="1.0" encoding="UTF-8"?>
<!-- Generated by org.testng.reporters.JUnitXMLReporter -->
<testsuite ignored="0" hostname="YY524559" failures="0" tests="3" name="Default test" time="0.052" errors="0" timestamp="2020-04-13T19:54:53 IST">
  <testcase classname="com.examples.LoginTest" name="testDifferent" time="0.008"/>
  <testcase classname="com.examples.LoginTest" name="testDifferent" time="0.0"/>
  <testcase classname="com.examples.LoginTest" name="testDifferent" time="0.0"/>
</testsuite> <!-- Default test -->
